Arguments: 
  /usr/local/bin/node /usr/local/bin/yarn add X.XX.X --exact

PATH: 
  /Users/shenu.gupta/Documents/ShenuLearning/node_modules/.bin:/Users/shenu.gupta/Documents/node_modules/.bin:/Users/shenu.gupta/node_modules/.bin:/Users/node_modules/.bin:/node_modules/.bin:/usr/local/lib/node_modules/npm/node_modules/@npmcli/run-script/lib/node-gyp-bin:/Users/shenu.gupta/node_modules/.bin:/Users/shenu.gupta/.rvm/gems/ruby-2.7.5/bin:/Users/shenu.gupta/.rvm/gems/ruby-2.7.5@global/bin:/Users/shenu.gupta/.rvm/rubies/ruby-2.7.5/bin:/usr/local/bin:/usr/bin:/bin:/usr/sbin:/sbin:/usr/local/share/dotnet:~/.dotnet/tools:/Library/Apple/usr/bin:/Users/shenu.gupta/Library/Android/sdk/emulator:/Users/shenu.gupta/Library/Android/sdk/platform-tools:/Users/shenu.gupta/Library/Android/sdk/platform-tools:/Users/shenu.gupta/.android-sdk-macosx/platform-tools:/opt/local/share/java/android-sdk-macosx/platform-tools:/Users/shenu.gupta/.rvm/bin

Yarn version: 
  1.22.19

Node version: 
  16.15.1

Platform: 
  darwin x64

Trace: 
  Error: https://registry.yarnpkg.com/X.XX.X: Not found
      at Request.params.callback [as _callback] (/usr/local/lib/node_modules/yarn/lib/cli.js:66145:18)
      at Request.self.callback (/usr/local/lib/node_modules/yarn/lib/cli.js:140890:22)
      at Request.emit (node:events:527:28)
      at Request.<anonymous> (/usr/local/lib/node_modules/yarn/lib/cli.js:141862:10)
      at Request.emit (node:events:527:28)
      at IncomingMessage.<anonymous> (/usr/local/lib/node_modules/yarn/lib/cli.js:141784:12)
      at Object.onceWrapper (node:events:641:28)
      at IncomingMessage.emit (node:events:539:35)
      at endReadableNT (node:internal/streams/readable:1345:12)
      at processTicksAndRejections (node:internal/process/task_queues:83:21)

npm manifest: 
  {"name":"AwesomeProject","version":"0.0.1","private":true,"scripts":{"start":"node node_modules/react-native/local-cli/cli.js start"}}

yarn manifest: 
  No manifest

Lockfile: 
  No lockfile
